Using pre-set license
Built from '2020.3/staging' branch; Version is '2020.3.19f1 (68f137dc9bbe) revision 6877495'; Using compiler version '192528614'; Build Type 'Release'
OS: 'Windows 10 Home; OS build 19042.1237; Version 2009; 64bit' Language: 'en' Physical Memory: 16203 MB
BatchMode: 1, IsHumanControllingUs: 0, StartBugReporterOnCrash: 0, Is64bit: 1, IsPro: 0

COMMAND LINE ARGUMENTS:
C:\Program Files\Unity\Hub\Editor\2020.3.19f1\Editor\Unity.exe
-adb2
-batchMode
-noUpm
-name
AssetImportWorker0
-projectPath
C:/Users/Ben/Procedurally Generated Universe
-logFile
Logs/AssetImportWorker0.log
-srvPort
51768
Successfully changed project path to: C:/Users/Ben/Procedurally Generated Universe
C:/Users/Ben/Procedurally Generated Universe
Using Asset Import Pipeline V2.
Refreshing native plugins compatible for Editor in 54.48 ms, found 2 plugins.
Preloading 0 native plugins for Editor in 0.00 ms.
Initialize engine version: 2020.3.19f1 (68f137dc9bbe)
[Subsystems] Discovering subsystems at path C:/Program Files/Unity/Hub/Editor/2020.3.19f1/Editor/Data/Resources/UnitySubsystems
[Subsystems] Discovering subsystems at path C:/Users/Ben/Procedurally Generated Universe/Assets
GfxDevice: creating device client; threaded=0
Direct3D:
    Version:  Direct3D 11.0 [level 11.1]
    Renderer: Intel(R) UHD Graphics 620 (ID=0x3ea0)
    Vendor:   
    VRAM:     8101 MB
    Driver:   27.20.100.8681
Initialize mono
Mono path[0] = 'C:/Program Files/Unity/Hub/Editor/2020.3.19f1/Editor/Data/Managed'
Mono path[1] = 'C:/Program Files/Unity/Hub/Editor/2020.3.19f1/Editor/Data/MonoBleedingEdge/lib/mono/unityjit'
Mono config path = 'C:/Program Files/Unity/Hub/Editor/2020.3.19f1/Editor/Data/MonoBleedingEdge/etc'
Using monoOptions --debugger-agent=transport=dt_socket,embedding=1,server=y,suspend=n,address=127.0.0.1:56300
Begin MonoManager ReloadAssembly
Registering precompiled unity dll's ...
Register platform support module: C:/Program Files/Unity/Hub/Editor/2020.3.19f1/Editor/Data/PlaybackEngines/WindowsStandaloneSupport/UnityEditor.WindowsStandalone.Extensions.dll
Registered in 0.002241 seconds.
Native extension for WindowsStandalone target not found
Refreshing native plugins compatible for Editor in 68.45 ms, found 2 plugins.
Preloading 0 native plugins for Editor in 0.00 ms.
Mono: successfully reloaded assembly
- Completed reload, in  1.452 seconds
Domain Reload Profiling:
	ReloadAssembly (1452ms)
		BeginReloadAssembly (89ms)
			ExecutionOrderSort (0ms)
			DisableScriptedObjects (0ms)
			BackupInstance (0ms)
			ReleaseScriptingObjects (0ms)
			CreateAndSetChildDomain (1ms)
		EndReloadAssembly (624ms)
			LoadAssemblies (86ms)
			RebuildTransferFunctionScriptingTraits (0ms)
			SetupTypeCache (212ms)
			ReleaseScriptCaches (0ms)
			RebuildScriptCaches (44ms)
			SetupLoadedEditorAssemblies (284ms)
				LogAssemblyErrors (0ms)
				InitializePlatformSupportModulesInManaged (6ms)
				SetLoadedEditorAssemblies (0ms)
				RefreshPlugins (69ms)
				BeforeProcessingInitializeOnLoad (12ms)
				ProcessInitializeOnLoadAttributes (156ms)
				ProcessInitializeOnLoadMethodAttributes (41ms)
				AfterProcessingInitializeOnLoad (0ms)
				EditorAssembliesLoaded (0ms)
			ExecutionOrderSort2 (0ms)
			AwakeInstancesAfterBackupRestoration (0ms)
Platform modules already initialized, skipping
Registering precompiled user dll's ...
Registered in 0.004578 seconds.
Begin MonoManager ReloadAssembly
Native extension for WindowsStandalone target not found
Refreshing native plugins compatible for Editor in 65.89 ms, found 2 plugins.
Preloading 0 native plugins for Editor in 0.00 ms.
Mono: successfully reloaded assembly
- Completed reload, in  1.444 seconds
Domain Reload Profiling:
	ReloadAssembly (1445ms)
		BeginReloadAssembly (168ms)
			ExecutionOrderSort (0ms)
			DisableScriptedObjects (6ms)
			BackupInstance (0ms)
			ReleaseScriptingObjects (0ms)
			CreateAndSetChildDomain (20ms)
		EndReloadAssembly (1209ms)
			LoadAssemblies (94ms)
			RebuildTransferFunctionScriptingTraits (0ms)
			SetupTypeCache (404ms)
			ReleaseScriptCaches (1ms)
			RebuildScriptCaches (94ms)
			SetupLoadedEditorAssemblies (434ms)
				LogAssemblyErrors (0ms)
				InitializePlatformSupportModulesInManaged (6ms)
				SetLoadedEditorAssemblies (0ms)
				RefreshPlugins (66ms)
				BeforeProcessingInitializeOnLoad (84ms)
				ProcessInitializeOnLoadAttributes (267ms)
				ProcessInitializeOnLoadMethodAttributes (5ms)
				AfterProcessingInitializeOnLoad (6ms)
				EditorAssembliesLoaded (0ms)
			ExecutionOrderSort2 (0ms)
			AwakeInstancesAfterBackupRestoration (7ms)
Platform modules already initialized, skipping
========================================================================
Worker process is ready to serve import requests
Launched and connected shader compiler UnityShaderCompiler.exe after 0.09 seconds
Refreshing native plugins compatible for Editor in 0.48 ms, found 2 plugins.
Preloading 0 native plugins for Editor in 0.00 ms.
Unloading 2719 Unused Serialized files (Serialized files now loaded: 0)
System memory in use before: 142.4 MB.
System memory in use after: 142.6 MB.

Unloading 17 unused Assets to reduce memory usage. Loaded Objects now: 3173.
Total: 4.160600 ms (FindLiveObjects: 0.308100 ms CreateObjectMapping: 0.162000 ms MarkObjects: 3.613600 ms  DeleteObjects: 0.075400 ms)

AssetImportParameters requested are different than current active one (requested -> active):
  custom:framework-win-MediaFoundation: 216162199b28c13a410421893ffa2e32 -> 
  custom:video-decoder-ogg-theora: a1e56fd34408186e4bbccfd4996cb3dc -> 
  custom:container-muxer-webm: aa71ff27fc2769a1b78a27578f13a17b -> 
  custom:container-demuxer-webm: 4f35f7cbe854078d1ac9338744f61a02 -> 
  custom:container-demuxer-ogg: 62fdf1f143b41e24485cea50d1cbac27 -> 
  custom:video-encoder-webm-vp8: eb34c28f22e8b96e1ab97ce403110664 -> 
  custom:video-decoder-webm-vp8: 9c59270c3fd7afecdb556c50c9e8de78 -> 
  custom:audio-decoder-ogg-vorbis: bf7c407c2cedff20999df2af8eb42d56 -> 
  custom:audio-encoder-webm-vorbis: bf7c407c2cedff20999df2af8eb42d56 -> 
========================================================================
Received Import Request.
  path: Assets/Graphics/Planet.asset
  artifactKey: Guid(18adc5fb193b70046bb69d4839a7ef6a) Importer(815301076,1909f56bfc062723c751e8b465ee728b)
Start importing Assets/Graphics/Planet.asset using Guid(18adc5fb193b70046bb69d4839a7ef6a) Importer(815301076,1909f56bfc062723c751e8b465ee728b)  -> (artifact id: 'd97577527c7f38936a56d035d928bbaf') in 0.033972 seconds 
  Import took 0.039410 seconds .

========================================================================
Received Import Request.
  Time since last request: 0.000386 seconds.
  path: Assets/Graphics/Planet_Renderer.asset
  artifactKey: Guid(cb6cccb8904b90546a5dd59d6acf049c) Importer(815301076,1909f56bfc062723c751e8b465ee728b)
Start importing Assets/Graphics/Planet_Renderer.asset using Guid(cb6cccb8904b90546a5dd59d6acf049c) Importer(815301076,1909f56bfc062723c751e8b465ee728b)  -> (artifact id: '9de77fd3e0769b369d5764780709e2e5') in 0.006667 seconds 
  Import took 0.013381 seconds .

========================================================================
Received Import Request.
  Time since last request: 0.000404 seconds.
  path: Assets/Graphics/Planet Material.mat
  artifactKey: Guid(100d7764499fc7543916c64583f86eab) Importer(815301076,1909f56bfc062723c751e8b465ee728b)
Start importing Assets/Graphics/Planet Material.mat using Guid(100d7764499fc7543916c64583f86eab) Importer(815301076,1909f56bfc062723c751e8b465ee728b)  -> (artifact id: '0104ded3b1ab71a6b30cadeeae6105c2') in 0.261088 seconds 
  Import took 0.267686 seconds .

========================================================================
Received Prepare
Switching render pipeline 18adc5fb193b70046bb69d4839a7ef6a -> 00000000000000000000000000000000
Refreshing native plugins compatible for Editor in 3.19 ms, found 2 plugins.
Preloading 0 native plugins for Editor in 0.00 ms.
Unloading 12 Unused Serialized files (Serialized files now loaded: 0)
System memory in use before: 88.7 MB.
System memory in use after: 88.9 MB.

Unloading 10 unused Assets to reduce memory usage. Loaded Objects now: 3278.
Total: 5.005600 ms (FindLiveObjects: 0.356400 ms CreateObjectMapping: 0.221300 ms MarkObjects: 4.374400 ms  DeleteObjects: 0.051900 ms)

AssetImportParameters requested are different than current active one (requested -> active):
  custom:framework-win-MediaFoundation: 216162199b28c13a410421893ffa2e32 -> 
  custom:video-decoder-ogg-theora: a1e56fd34408186e4bbccfd4996cb3dc -> 
  custom:container-muxer-webm: aa71ff27fc2769a1b78a27578f13a17b -> 
  custom:container-demuxer-webm: 4f35f7cbe854078d1ac9338744f61a02 -> 
  custom:container-demuxer-ogg: 62fdf1f143b41e24485cea50d1cbac27 -> 
  custom:video-encoder-webm-vp8: eb34c28f22e8b96e1ab97ce403110664 -> 
  custom:video-decoder-webm-vp8: 9c59270c3fd7afecdb556c50c9e8de78 -> 
  custom:audio-decoder-ogg-vorbis: bf7c407c2cedff20999df2af8eb42d56 -> 
  custom:audio-encoder-webm-vorbis: bf7c407c2cedff20999df2af8eb42d56 -> 
========================================================================
Received Import Request.
  Time since last request: 264.877173 seconds.
  path: Assets/Graphics/Planet_Renderer.asset
  artifactKey: Guid(cb6cccb8904b90546a5dd59d6acf049c) Importer(815301076,1909f56bfc062723c751e8b465ee728b)
Start importing Assets/Graphics/Planet_Renderer.asset using Guid(cb6cccb8904b90546a5dd59d6acf049c) Importer(815301076,1909f56bfc062723c751e8b465ee728b)  -> (artifact id: '70a07163e3b0c7492a70b3c81d81e497') in 0.005002 seconds 
  Import took 0.009949 seconds .

========================================================================
Received Import Request.
  Time since last request: 4.109631 seconds.
  path: Assets/Graphics/Planet.shadergraph
  artifactKey: Guid(d1e5592b823ac864d992c0a2656404ec) Importer(815301076,1909f56bfc062723c751e8b465ee728b)
Start importing Assets/Graphics/Planet.shadergraph using Guid(d1e5592b823ac864d992c0a2656404ec) Importer(815301076,1909f56bfc062723c751e8b465ee728b)  -> (artifact id: '1635fd91c10ab1a52d467efed635c72e') in 0.004199 seconds 
  Import took 0.008684 seconds .

========================================================================
Received Prepare
Registering precompiled user dll's ...
Registered in 0.003695 seconds.
Begin MonoManager ReloadAssembly
Native extension for WindowsStandalone target not found
Refreshing native plugins compatible for Editor in 0.83 ms, found 2 plugins.
Preloading 0 native plugins for Editor in 0.00 ms.
Mono: successfully reloaded assembly
- Completed reload, in  1.237 seconds
Domain Reload Profiling:
	ReloadAssembly (1238ms)
		BeginReloadAssembly (136ms)
			ExecutionOrderSort (0ms)
			DisableScriptedObjects (5ms)
			BackupInstance (0ms)
			ReleaseScriptingObjects (0ms)
			CreateAndSetChildDomain (38ms)
		EndReloadAssembly (1013ms)
			LoadAssemblies (92ms)
			RebuildTransferFunctionScriptingTraits (0ms)
			SetupTypeCache (379ms)
			ReleaseScriptCaches (1ms)
			RebuildScriptCaches (51ms)
			SetupLoadedEditorAssemblies (317ms)
				LogAssemblyErrors (0ms)
				InitializePlatformSupportModulesInManaged (6ms)
				SetLoadedEditorAssemblies (1ms)
				RefreshPlugins (1ms)
				BeforeProcessingInitializeOnLoad (71ms)
				ProcessInitializeOnLoadAttributes (226ms)
				ProcessInitializeOnLoadMethodAttributes (5ms)
				AfterProcessingInitializeOnLoad (7ms)
				EditorAssembliesLoaded (0ms)
			ExecutionOrderSort2 (0ms)
			AwakeInstancesAfterBackupRestoration (21ms)
Platform modules already initialized, skipping
Switching render pipeline 18adc5fb193b70046bb69d4839a7ef6a -> 00000000000000000000000000000000
Refreshing native plugins compatible for Editor in 0.93 ms, found 2 plugins.
Preloading 0 native plugins for Editor in 0.00 ms.
Unloading 2608 Unused Serialized files (Serialized files now loaded: 0)
System memory in use before: 140.5 MB.
System memory in use after: 140.7 MB.

Unloading 12 unused Assets to reduce memory usage. Loaded Objects now: 3255.
Total: 4.313400 ms (FindLiveObjects: 0.279100 ms CreateObjectMapping: 0.195100 ms MarkObjects: 3.813700 ms  DeleteObjects: 0.023300 ms)

AssetImportParameters requested are different than current active one (requested -> active):
  custom:framework-win-MediaFoundation: 216162199b28c13a410421893ffa2e32 -> 
  custom:video-decoder-ogg-theora: a1e56fd34408186e4bbccfd4996cb3dc -> 
  custom:container-muxer-webm: aa71ff27fc2769a1b78a27578f13a17b -> 
  custom:container-demuxer-webm: 4f35f7cbe854078d1ac9338744f61a02 -> 
  custom:container-demuxer-ogg: 62fdf1f143b41e24485cea50d1cbac27 -> 
  custom:video-encoder-webm-vp8: eb34c28f22e8b96e1ab97ce403110664 -> 
  custom:video-decoder-webm-vp8: 9c59270c3fd7afecdb556c50c9e8de78 -> 
  custom:audio-decoder-ogg-vorbis: bf7c407c2cedff20999df2af8eb42d56 -> 
  custom:audio-encoder-webm-vorbis: bf7c407c2cedff20999df2af8eb42d56 -> 
========================================================================
Received Prepare
Registering precompiled user dll's ...
Registered in 0.005992 seconds.
Begin MonoManager ReloadAssembly
Native extension for WindowsStandalone target not found
Refreshing native plugins compatible for Editor in 0.49 ms, found 2 plugins.
Preloading 0 native plugins for Editor in 0.00 ms.
Mono: successfully reloaded assembly
- Completed reload, in  1.217 seconds
Domain Reload Profiling:
	ReloadAssembly (1218ms)
		BeginReloadAssembly (152ms)
			ExecutionOrderSort (0ms)
			DisableScriptedObjects (6ms)
			BackupInstance (0ms)
			ReleaseScriptingObjects (0ms)
			CreateAndSetChildDomain (44ms)
		EndReloadAssembly (971ms)
			LoadAssemblies (128ms)
			RebuildTransferFunctionScriptingTraits (0ms)
			SetupTypeCache (339ms)
			ReleaseScriptCaches (1ms)
			RebuildScriptCaches (47ms)
			SetupLoadedEditorAssemblies (318ms)
				LogAssemblyErrors (0ms)
				InitializePlatformSupportModulesInManaged (5ms)
				SetLoadedEditorAssemblies (0ms)
				RefreshPlugins (1ms)
				BeforeProcessingInitializeOnLoad (69ms)
				ProcessInitializeOnLoadAttributes (232ms)
				ProcessInitializeOnLoadMethodAttributes (4ms)
				AfterProcessingInitializeOnLoad (7ms)
				EditorAssembliesLoaded (0ms)
			ExecutionOrderSort2 (0ms)
			AwakeInstancesAfterBackupRestoration (19ms)
Platform modules already initialized, skipping
Switching render pipeline 18adc5fb193b70046bb69d4839a7ef6a -> 00000000000000000000000000000000
Refreshing native plugins compatible for Editor in 0.45 ms, found 2 plugins.
Preloading 0 native plugins for Editor in 0.00 ms.
Unloading 2608 Unused Serialized files (Serialized files now loaded: 0)
System memory in use before: 140.6 MB.
System memory in use after: 140.8 MB.

Unloading 12 unused Assets to reduce memory usage. Loaded Objects now: 3257.
Total: 3.821100 ms (FindLiveObjects: 0.383800 ms CreateObjectMapping: 0.114200 ms MarkObjects: 3.286900 ms  DeleteObjects: 0.034800 ms)

AssetImportParameters requested are different than current active one (requested -> active):
  custom:framework-win-MediaFoundation: 216162199b28c13a410421893ffa2e32 -> 
  custom:video-decoder-ogg-theora: a1e56fd34408186e4bbccfd4996cb3dc -> 
  custom:container-muxer-webm: aa71ff27fc2769a1b78a27578f13a17b -> 
  custom:container-demuxer-webm: 4f35f7cbe854078d1ac9338744f61a02 -> 
  custom:container-demuxer-ogg: 62fdf1f143b41e24485cea50d1cbac27 -> 
  custom:video-encoder-webm-vp8: eb34c28f22e8b96e1ab97ce403110664 -> 
  custom:video-decoder-webm-vp8: 9c59270c3fd7afecdb556c50c9e8de78 -> 
  custom:audio-decoder-ogg-vorbis: bf7c407c2cedff20999df2af8eb42d56 -> 
  custom:audio-encoder-webm-vorbis: bf7c407c2cedff20999df2af8eb42d56 -> 
========================================================================
Received Import Request.
  Time since last request: 432.322119 seconds.
  path: Assets/Graphics/RP.asset
  artifactKey: Guid(b274c5d2cf2100346ada4bb97583b287) Importer(815301076,1909f56bfc062723c751e8b465ee728b)
Start importing Assets/Graphics/RP.asset using Guid(b274c5d2cf2100346ada4bb97583b287) Importer(815301076,1909f56bfc062723c751e8b465ee728b)  -> (artifact id: '86251abe3a6661a10e8c34d0cab2c2d1') in 0.030210 seconds 
  Import took 0.036571 seconds .

========================================================================
Received Import Request.
  Time since last request: 0.000311 seconds.
  path: Assets/Graphics/RP_Renderer.asset
  artifactKey: Guid(5859412159467854cafbe412508f8af6) Importer(815301076,1909f56bfc062723c751e8b465ee728b)
Start importing Assets/Graphics/RP_Renderer.asset using Guid(5859412159467854cafbe412508f8af6) Importer(815301076,1909f56bfc062723c751e8b465ee728b)  -> (artifact id: 'c01e261051d7292eaa972a5d8599fcaa') in 0.011217 seconds 
  Import took 0.017569 seconds .

========================================================================
Received Import Request.
  Time since last request: 10.947391 seconds.
  path: Assets/Graphics/Planet.mat
  artifactKey: Guid(4ff42e849660dec488d3dfe509dec09e) Importer(815301076,1909f56bfc062723c751e8b465ee728b)
Start importing Assets/Graphics/Planet.mat using Guid(4ff42e849660dec488d3dfe509dec09e) Importer(815301076,1909f56bfc062723c751e8b465ee728b)  -> (artifact id: 'f9a02ab501ef49ec811731ac358877e3') in 0.059063 seconds 
  Import took 0.063953 seconds .

========================================================================
Received Prepare
Switching render pipeline 18adc5fb193b70046bb69d4839a7ef6a -> b274c5d2cf2100346ada4bb97583b287
Refreshing native plugins compatible for Editor in 2.47 ms, found 2 plugins.
Preloading 0 native plugins for Editor in 0.00 ms.
Unloading 12 Unused Serialized files (Serialized files now loaded: 0)
System memory in use before: 89.4 MB.
System memory in use after: 89.6 MB.

Unloading 10 unused Assets to reduce memory usage. Loaded Objects now: 3260.
Total: 3.763100 ms (FindLiveObjects: 0.256200 ms CreateObjectMapping: 0.096600 ms MarkObjects: 3.394400 ms  DeleteObjects: 0.014900 ms)

AssetImportParameters requested are different than current active one (requested -> active):
  custom:framework-win-MediaFoundation: 216162199b28c13a410421893ffa2e32 -> 
  custom:video-decoder-ogg-theora: a1e56fd34408186e4bbccfd4996cb3dc -> 
  custom:container-muxer-webm: aa71ff27fc2769a1b78a27578f13a17b -> 
  custom:container-demuxer-webm: 4f35f7cbe854078d1ac9338744f61a02 -> 
  custom:container-demuxer-ogg: 62fdf1f143b41e24485cea50d1cbac27 -> 
  custom:video-encoder-webm-vp8: eb34c28f22e8b96e1ab97ce403110664 -> 
  custom:video-decoder-webm-vp8: 9c59270c3fd7afecdb556c50c9e8de78 -> 
  custom:audio-decoder-ogg-vorbis: bf7c407c2cedff20999df2af8eb42d56 -> 
  custom:audio-encoder-webm-vorbis: bf7c407c2cedff20999df2af8eb42d56 -> 
========================================================================
Received Import Request.
  Time since last request: 35.189561 seconds.
  path: Assets/Graphics/Planet.physicMaterial
  artifactKey: Guid(0209b0e06a017e6419cb057c710e2d66) Importer(815301076,1909f56bfc062723c751e8b465ee728b)
Start importing Assets/Graphics/Planet.physicMaterial using Guid(0209b0e06a017e6419cb057c710e2d66) Importer(815301076,1909f56bfc062723c751e8b465ee728b)  -> (artifact id: '2fc42e5a710059e0e56f0c963dc7a35a') in 0.005523 seconds 
  Import took 0.010682 seconds .

========================================================================
Received Import Request.
  Time since last request: 25.106067 seconds.
  path: Assets/Graphics/Planet.shadergraph
  artifactKey: Guid(d1e5592b823ac864d992c0a2656404ec) Importer(815301076,1909f56bfc062723c751e8b465ee728b)
Start importing Assets/Graphics/Planet.shadergraph using Guid(d1e5592b823ac864d992c0a2656404ec) Importer(815301076,1909f56bfc062723c751e8b465ee728b)  -> (artifact id: '4408bede079f998eba27a83a4e451ec3') in 0.003181 seconds 
  Import took 0.007888 seconds .

========================================================================
Received Import Request.
  Time since last request: 7.830206 seconds.
  path: Assets/Graphics/RP.asset
  artifactKey: Guid(b274c5d2cf2100346ada4bb97583b287) Importer(815301076,1909f56bfc062723c751e8b465ee728b)
Start importing Assets/Graphics/RP.asset using Guid(b274c5d2cf2100346ada4bb97583b287) Importer(815301076,1909f56bfc062723c751e8b465ee728b)  -> (artifact id: '744cb20cea923411780ba12e695fb4d4') in 0.003702 seconds 
  Import took 0.010487 seconds .

========================================================================
Received Import Request.
  Time since last request: 0.000524 seconds.
  path: Assets/Graphics/RP_Renderer.asset
  artifactKey: Guid(5859412159467854cafbe412508f8af6) Importer(815301076,1909f56bfc062723c751e8b465ee728b)
Start importing Assets/Graphics/RP_Renderer.asset using Guid(5859412159467854cafbe412508f8af6) Importer(815301076,1909f56bfc062723c751e8b465ee728b)  -> (artifact id: 'ceb183b5aa43326167a0c3546ad34b2c') in 0.005858 seconds 
  Import took 0.012117 seconds .

========================================================================
Received Prepare
Registering precompiled user dll's ...
Registered in 0.007618 seconds.
Begin MonoManager ReloadAssembly
Native extension for WindowsStandalone target not found
Refreshing native plugins compatible for Editor in 0.48 ms, found 2 plugins.
Preloading 0 native plugins for Editor in 0.00 ms.
Mono: successfully reloaded assembly
- Completed reload, in  1.300 seconds
Domain Reload Profiling:
	ReloadAssembly (1300ms)
		BeginReloadAssembly (152ms)
			ExecutionOrderSort (0ms)
			DisableScriptedObjects (6ms)
			BackupInstance (0ms)
			ReleaseScriptingObjects (0ms)
			CreateAndSetChildDomain (47ms)
		EndReloadAssembly (1069ms)
			LoadAssemblies (112ms)
			RebuildTransferFunctionScriptingTraits (0ms)
			SetupTypeCache (382ms)
			ReleaseScriptCaches (2ms)
			RebuildScriptCaches (53ms)
			SetupLoadedEditorAssemblies (350ms)
				LogAssemblyErrors (0ms)
				InitializePlatformSupportModulesInManaged (7ms)
				SetLoadedEditorAssemblies (1ms)
				RefreshPlugins (1ms)
				BeforeProcessingInitializeOnLoad (76ms)
				ProcessInitializeOnLoadAttributes (255ms)
				ProcessInitializeOnLoadMethodAttributes (5ms)
				AfterProcessingInitializeOnLoad (7ms)
				EditorAssembliesLoaded (0ms)
			ExecutionOrderSort2 (0ms)
			AwakeInstancesAfterBackupRestoration (20ms)
Platform modules already initialized, skipping
Switching render pipeline 18adc5fb193b70046bb69d4839a7ef6a -> b274c5d2cf2100346ada4bb97583b287
Refreshing native plugins compatible for Editor in 0.53 ms, found 2 plugins.
Preloading 0 native plugins for Editor in 0.00 ms.
Unloading 2610 Unused Serialized files (Serialized files now loaded: 0)
System memory in use before: 140.7 MB.
System memory in use after: 140.9 MB.

Unloading 12 unused Assets to reduce memory usage. Loaded Objects now: 3264.
Total: 3.953400 ms (FindLiveObjects: 0.284900 ms CreateObjectMapping: 0.114900 ms MarkObjects: 3.525800 ms  DeleteObjects: 0.026300 ms)

AssetImportParameters requested are different than current active one (requested -> active):
  custom:framework-win-MediaFoundation: 216162199b28c13a410421893ffa2e32 -> 
  custom:video-decoder-ogg-theora: a1e56fd34408186e4bbccfd4996cb3dc -> 
  custom:container-muxer-webm: aa71ff27fc2769a1b78a27578f13a17b -> 
  custom:container-demuxer-webm: 4f35f7cbe854078d1ac9338744f61a02 -> 
  custom:container-demuxer-ogg: 62fdf1f143b41e24485cea50d1cbac27 -> 
  custom:video-encoder-webm-vp8: eb34c28f22e8b96e1ab97ce403110664 -> 
  custom:video-decoder-webm-vp8: 9c59270c3fd7afecdb556c50c9e8de78 -> 
  custom:audio-decoder-ogg-vorbis: bf7c407c2cedff20999df2af8eb42d56 -> 
  custom:audio-encoder-webm-vorbis: bf7c407c2cedff20999df2af8eb42d56 -> 
========================================================================
Received Import Request.
  Time since last request: 405.515597 seconds.
  path: Assets/Graphics/Planet.mat
  artifactKey: Guid(4ff42e849660dec488d3dfe509dec09e) Importer(815301076,1909f56bfc062723c751e8b465ee728b)
Start importing Assets/Graphics/Planet.mat using Guid(4ff42e849660dec488d3dfe509dec09e) Importer(815301076,1909f56bfc062723c751e8b465ee728b)  -> (artifact id: 'ab6ddb11e348772933113c2f71a46c46') in 0.209357 seconds 
  Import took 0.215277 seconds .

========================================================================
Received Import Request.
  Time since last request: 0.000355 seconds.
  path: Assets/Graphics/RP_Renderer.asset
  artifactKey: Guid(5859412159467854cafbe412508f8af6) Importer(815301076,1909f56bfc062723c751e8b465ee728b)
Start importing Assets/Graphics/RP_Renderer.asset using Guid(5859412159467854cafbe412508f8af6) Importer(815301076,1909f56bfc062723c751e8b465ee728b)  -> (artifact id: '3280456ed00fabd1944259cfe5425276') in 0.005135 seconds 
  Import took 0.012025 seconds .

========================================================================
Received Import Request.
  Time since last request: 94.906162 seconds.
  path: Assets/Graphics/Planet.shadergraph
  artifactKey: Guid(d1e5592b823ac864d992c0a2656404ec) Importer(815301076,1909f56bfc062723c751e8b465ee728b)
Start importing Assets/Graphics/Planet.shadergraph using Guid(d1e5592b823ac864d992c0a2656404ec) Importer(815301076,1909f56bfc062723c751e8b465ee728b)  -> (artifact id: '9a1aaa09730226faaee118515091faa3') in 0.003105 seconds 
  Import took 0.011128 seconds .

========================================================================
Received Import Request.
  Time since last request: 1189.375426 seconds.
  path: Assets/Graphics/Planet.mat
  artifactKey: Guid(4ff42e849660dec488d3dfe509dec09e) Importer(815301076,1909f56bfc062723c751e8b465ee728b)
Start importing Assets/Graphics/Planet.mat using Guid(4ff42e849660dec488d3dfe509dec09e) Importer(815301076,1909f56bfc062723c751e8b465ee728b)  -> (artifact id: '9cf11b6db912a33cfd7522ca14ffb2bd') in 0.035507 seconds 
  Import took 0.042625 seconds .

========================================================================
Received Prepare
Registering precompiled user dll's ...
Registered in 0.003580 seconds.
Begin MonoManager ReloadAssembly
Native extension for WindowsStandalone target not found
Refreshing native plugins compatible for Editor in 0.44 ms, found 2 plugins.
Preloading 0 native plugins for Editor in 0.00 ms.
Mono: successfully reloaded assembly
- Completed reload, in  1.116 seconds
Domain Reload Profiling:
	ReloadAssembly (1117ms)
		BeginReloadAssembly (131ms)
			ExecutionOrderSort (0ms)
			DisableScriptedObjects (8ms)
			BackupInstance (0ms)
			ReleaseScriptingObjects (0ms)
			CreateAndSetChildDomain (45ms)
		EndReloadAssembly (916ms)
			LoadAssemblies (113ms)
			RebuildTransferFunctionScriptingTraits (0ms)
			SetupTypeCache (303ms)
			ReleaseScriptCaches (1ms)
			RebuildScriptCaches (37ms)
			SetupLoadedEditorAssemblies (313ms)
				LogAssemblyErrors (0ms)
				InitializePlatformSupportModulesInManaged (5ms)
				SetLoadedEditorAssemblies (1ms)
				RefreshPlugins (1ms)
				BeforeProcessingInitializeOnLoad (66ms)
				ProcessInitializeOnLoadAttributes (229ms)
				ProcessInitializeOnLoadMethodAttributes (5ms)
				AfterProcessingInitializeOnLoad (7ms)
				EditorAssembliesLoaded (0ms)
			ExecutionOrderSort2 (0ms)
			AwakeInstancesAfterBackupRestoration (24ms)
Platform modules already initialized, skipping
Refreshing native plugins compatible for Editor in 0.46 ms, found 2 plugins.
Preloading 0 native plugins for Editor in 0.00 ms.
Unloading 2608 Unused Serialized files (Serialized files now loaded: 0)
System memory in use before: 140.9 MB.
System memory in use after: 141.1 MB.

Unloading 12 unused Assets to reduce memory usage. Loaded Objects now: 3302.
Total: 3.859500 ms (FindLiveObjects: 0.292600 ms CreateObjectMapping: 0.135100 ms MarkObjects: 3.385900 ms  DeleteObjects: 0.044800 ms)

AssetImportParameters requested are different than current active one (requested -> active):
  custom:framework-win-MediaFoundation: 216162199b28c13a410421893ffa2e32 -> 
  custom:video-decoder-ogg-theora: a1e56fd34408186e4bbccfd4996cb3dc -> 
  custom:container-muxer-webm: aa71ff27fc2769a1b78a27578f13a17b -> 
  custom:container-demuxer-webm: 4f35f7cbe854078d1ac9338744f61a02 -> 
  custom:container-demuxer-ogg: 62fdf1f143b41e24485cea50d1cbac27 -> 
  custom:video-encoder-webm-vp8: eb34c28f22e8b96e1ab97ce403110664 -> 
  custom:video-decoder-webm-vp8: 9c59270c3fd7afecdb556c50c9e8de78 -> 
  custom:audio-decoder-ogg-vorbis: bf7c407c2cedff20999df2af8eb42d56 -> 
  custom:audio-encoder-webm-vorbis: bf7c407c2cedff20999df2af8eb42d56 -> 
========================================================================
Received Import Request.
  Time since last request: 903.724574 seconds.
  path: Assets/noisegen.unity
  artifactKey: Guid(877ff30f06b09b947a3fd2ab188fd200) Importer(815301076,1909f56bfc062723c751e8b465ee728b)
Start importing Assets/noisegen.unity using Guid(877ff30f06b09b947a3fd2ab188fd200) Importer(815301076,1909f56bfc062723c751e8b465ee728b)  -> (artifact id: '01e5d20fb0f135b5ab71a2751e29552a') in 0.031704 seconds 
  Import took 0.039211 seconds .

========================================================================
Received Import Request.
  Time since last request: 2.143220 seconds.
  path: Assets/ColorGenerator.cs
  artifactKey: Guid(37d6d57b2460867409f097a890f9b44c) Importer(815301076,1909f56bfc062723c751e8b465ee728b)
Start importing Assets/ColorGenerator.cs using Guid(37d6d57b2460867409f097a890f9b44c) Importer(815301076,1909f56bfc062723c751e8b465ee728b)  -> (artifact id: 'c4f44c4bb2cac3e86fdc6615457f5fed') in 0.010843 seconds 
  Import took 0.016878 seconds .

========================================================================
Received Prepare
Registering precompiled user dll's ...
Registered in 0.005725 seconds.
Begin MonoManager ReloadAssembly
Native extension for WindowsStandalone target not found
Refreshing native plugins compatible for Editor in 0.50 ms, found 2 plugins.
Preloading 0 native plugins for Editor in 0.00 ms.
Mono: successfully reloaded assembly
- Completed reload, in  1.183 seconds
Domain Reload Profiling:
	ReloadAssembly (1184ms)
		BeginReloadAssembly (149ms)
			ExecutionOrderSort (0ms)
			DisableScriptedObjects (7ms)
			BackupInstance (0ms)
			ReleaseScriptingObjects (0ms)
			CreateAndSetChildDomain (51ms)
		EndReloadAssembly (948ms)
			LoadAssemblies (97ms)
			RebuildTransferFunctionScriptingTraits (0ms)
			SetupTypeCache (298ms)
			ReleaseScriptCaches (1ms)
			RebuildScriptCaches (43ms)
			SetupLoadedEditorAssemblies (353ms)
				LogAssemblyErrors (0ms)
				InitializePlatformSupportModulesInManaged (5ms)
				SetLoadedEditorAssemblies (0ms)
				RefreshPlugins (1ms)
				BeforeProcessingInitializeOnLoad (65ms)
				ProcessInitializeOnLoadAttributes (269ms)
				ProcessInitializeOnLoadMethodAttributes (6ms)
				AfterProcessingInitializeOnLoad (8ms)
				EditorAssembliesLoaded (0ms)
			ExecutionOrderSort2 (0ms)
			AwakeInstancesAfterBackupRestoration (26ms)
Platform modules already initialized, skipping
Refreshing native plugins compatible for Editor in 0.56 ms, found 2 plugins.
Preloading 0 native plugins for Editor in 0.00 ms.
Unloading 2608 Unused Serialized files (Serialized files now loaded: 0)
System memory in use before: 140.9 MB.
System memory in use after: 141.1 MB.

Unloading 12 unused Assets to reduce memory usage. Loaded Objects now: 3304.
Total: 6.414900 ms (FindLiveObjects: 0.781800 ms CreateObjectMapping: 0.451400 ms MarkObjects: 5.149700 ms  DeleteObjects: 0.030000 ms)

AssetImportParameters requested are different than current active one (requested -> active):
  custom:framework-win-MediaFoundation: 216162199b28c13a410421893ffa2e32 -> 
  custom:video-decoder-ogg-theora: a1e56fd34408186e4bbccfd4996cb3dc -> 
  custom:container-muxer-webm: aa71ff27fc2769a1b78a27578f13a17b -> 
  custom:container-demuxer-webm: 4f35f7cbe854078d1ac9338744f61a02 -> 
  custom:container-demuxer-ogg: 62fdf1f143b41e24485cea50d1cbac27 -> 
  custom:video-encoder-webm-vp8: eb34c28f22e8b96e1ab97ce403110664 -> 
  custom:video-decoder-webm-vp8: 9c59270c3fd7afecdb556c50c9e8de78 -> 
  custom:audio-decoder-ogg-vorbis: bf7c407c2cedff20999df2af8eb42d56 -> 
  custom:audio-encoder-webm-vorbis: bf7c407c2cedff20999df2af8eb42d56 -> 
========================================================================
Received Import Request.
  Time since last request: 7025.568812 seconds.
  path: Assets/Graphics/Planet.shadergraph
  artifactKey: Guid(d1e5592b823ac864d992c0a2656404ec) Importer(815301076,1909f56bfc062723c751e8b465ee728b)
Start importing Assets/Graphics/Planet.shadergraph using Guid(d1e5592b823ac864d992c0a2656404ec) Importer(815301076,1909f56bfc062723c751e8b465ee728b)  -> (artifact id: 'f65f63b936d755e1fca56aca7819a819') in 0.022717 seconds 
  Import took 0.030557 seconds .

========================================================================
Received Import Request.
  Time since last request: 202.994383 seconds.
  path: Assets/Graphics/Planet.shadergraph
  artifactKey: Guid(d1e5592b823ac864d992c0a2656404ec) Importer(815301076,1909f56bfc062723c751e8b465ee728b)
Start importing Assets/Graphics/Planet.shadergraph using Guid(d1e5592b823ac864d992c0a2656404ec) Importer(815301076,1909f56bfc062723c751e8b465ee728b)  -> (artifact id: '6773cdd0fbb5f382832b7e8550d9cfe9') in 0.004621 seconds 
  Import took 0.012396 seconds .

========================================================================
Received Import Request.
  Time since last request: 87.789339 seconds.
  path: Assets/Graphics/Planet.mat
  artifactKey: Guid(4ff42e849660dec488d3dfe509dec09e) Importer(815301076,1909f56bfc062723c751e8b465ee728b)
Start importing Assets/Graphics/Planet.mat using Guid(4ff42e849660dec488d3dfe509dec09e) Importer(815301076,1909f56bfc062723c751e8b465ee728b)  -> (artifact id: '4cc39ef816f23505e780c6228a1cfba1') in 0.198797 seconds 
  Import took 0.205316 seconds .

========================================================================
Received Import Request.
  Time since last request: 197.421280 seconds.
  path: Assets/Settings/Color.asset
  artifactKey: Guid(83a9847a4f34d4e46867052a65f9cae7) Importer(815301076,1909f56bfc062723c751e8b465ee728b)
Start importing Assets/Settings/Color.asset using Guid(83a9847a4f34d4e46867052a65f9cae7) Importer(815301076,1909f56bfc062723c751e8b465ee728b)  -> (artifact id: '9acf1503418b1ae2c3bd66d585da7a66') in 0.008344 seconds 
  Import took 0.014121 seconds .

========================================================================
Received Import Request.
  Time since last request: 0.000324 seconds.
  path: Assets/Settings/Shape.asset
  artifactKey: Guid(9935ff64d8f32e3409c39913683b2139) Importer(815301076,1909f56bfc062723c751e8b465ee728b)
Start importing Assets/Settings/Shape.asset using Guid(9935ff64d8f32e3409c39913683b2139) Importer(815301076,1909f56bfc062723c751e8b465ee728b)  -> (artifact id: 'cb76bcbdf79696650f9368aabb555dcb') in 0.009951 seconds 
  Import took 0.015247 seconds .

========================================================================
Received Prepare
Registering precompiled user dll's ...
Registered in 0.003373 seconds.
Begin MonoManager ReloadAssembly
Native extension for WindowsStandalone target not found
Refreshing native plugins compatible for Editor in 0.53 ms, found 2 plugins.
Preloading 0 native plugins for Editor in 0.00 ms.
Mono: successfully reloaded assembly
- Completed reload, in  1.053 seconds
Domain Reload Profiling:
	ReloadAssembly (1053ms)
		BeginReloadAssembly (122ms)
			ExecutionOrderSort (0ms)
			DisableScriptedObjects (8ms)
			BackupInstance (0ms)
			ReleaseScriptingObjects (0ms)
			CreateAndSetChildDomain (41ms)
		EndReloadAssembly (865ms)
			LoadAssemblies (100ms)
			RebuildTransferFunctionScriptingTraits (0ms)
			SetupTypeCache (311ms)
			ReleaseScriptCaches (1ms)
			RebuildScriptCaches (39ms)
			SetupLoadedEditorAssemblies (277ms)
				LogAssemblyErrors (0ms)
				InitializePlatformSupportModulesInManaged (4ms)
				SetLoadedEditorAssemblies (0ms)
				RefreshPlugins (1ms)
				BeforeProcessingInitializeOnLoad (61ms)
				ProcessInitializeOnLoadAttributes (201ms)
				ProcessInitializeOnLoadMethodAttributes (4ms)
				AfterProcessingInitializeOnLoad (7ms)
				EditorAssembliesLoaded (0ms)
			ExecutionOrderSort2 (0ms)
			AwakeInstancesAfterBackupRestoration (19ms)
Platform modules already initialized, skipping
Refreshing native plugins compatible for Editor in 0.46 ms, found 2 plugins.
Preloading 0 native plugins for Editor in 0.00 ms.
Unloading 2608 Unused Serialized files (Serialized files now loaded: 0)
System memory in use before: 141.1 MB.
System memory in use after: 141.3 MB.

Unloading 12 unused Assets to reduce memory usage. Loaded Objects now: 3342.
Total: 4.143000 ms (FindLiveObjects: 0.340600 ms CreateObjectMapping: 0.116100 ms MarkObjects: 3.627900 ms  DeleteObjects: 0.056900 ms)

AssetImportParameters requested are different than current active one (requested -> active):
  custom:framework-win-MediaFoundation: 216162199b28c13a410421893ffa2e32 -> 
  custom:video-decoder-ogg-theora: a1e56fd34408186e4bbccfd4996cb3dc -> 
  custom:container-muxer-webm: aa71ff27fc2769a1b78a27578f13a17b -> 
  custom:container-demuxer-webm: 4f35f7cbe854078d1ac9338744f61a02 -> 
  custom:container-demuxer-ogg: 62fdf1f143b41e24485cea50d1cbac27 -> 
  custom:video-encoder-webm-vp8: eb34c28f22e8b96e1ab97ce403110664 -> 
  custom:video-decoder-webm-vp8: 9c59270c3fd7afecdb556c50c9e8de78 -> 
  custom:audio-decoder-ogg-vorbis: bf7c407c2cedff20999df2af8eb42d56 -> 
  custom:audio-encoder-webm-vorbis: bf7c407c2cedff20999df2af8eb42d56 -> 
========================================================================
Received Prepare
Registering precompiled user dll's ...
Registered in 0.004580 seconds.
Begin MonoManager ReloadAssembly
Native extension for WindowsStandalone target not found
Refreshing native plugins compatible for Editor in 0.69 ms, found 2 plugins.
Preloading 0 native plugins for Editor in 0.00 ms.
Mono: successfully reloaded assembly
- Completed reload, in  1.124 seconds
Domain Reload Profiling:
	ReloadAssembly (1125ms)
		BeginReloadAssembly (137ms)
			ExecutionOrderSort (0ms)
			DisableScriptedObjects (5ms)
			BackupInstance (0ms)
			ReleaseScriptingObjects (0ms)
			CreateAndSetChildDomain (46ms)
		EndReloadAssembly (913ms)
			LoadAssemblies (96ms)
			RebuildTransferFunctionScriptingTraits (0ms)
			SetupTypeCache (327ms)
			ReleaseScriptCaches (1ms)
			RebuildScriptCaches (41ms)
			SetupLoadedEditorAssemblies (297ms)
				LogAssemblyErrors (0ms)
				InitializePlatformSupportModulesInManaged (5ms)
				SetLoadedEditorAssemblies (1ms)
				RefreshPlugins (1ms)
				BeforeProcessingInitializeOnLoad (63ms)
				ProcessInitializeOnLoadAttributes (216ms)
				ProcessInitializeOnLoadMethodAttributes (5ms)
				AfterProcessingInitializeOnLoad (6ms)
				EditorAssembliesLoaded (0ms)
			ExecutionOrderSort2 (0ms)
			AwakeInstancesAfterBackupRestoration (21ms)
Platform modules already initialized, skipping
Refreshing native plugins compatible for Editor in 0.47 ms, found 2 plugins.
Preloading 0 native plugins for Editor in 0.00 ms.
Unloading 2608 Unused Serialized files (Serialized files now loaded: 0)
System memory in use before: 141.1 MB.
System memory in use after: 141.3 MB.

Unloading 12 unused Assets to reduce memory usage. Loaded Objects now: 3344.
Total: 3.847800 ms (FindLiveObjects: 0.257800 ms CreateObjectMapping: 0.130700 ms MarkObjects: 3.410200 ms  DeleteObjects: 0.047300 ms)

AssetImportParameters requested are different than current active one (requested -> active):
  custom:framework-win-MediaFoundation: 216162199b28c13a410421893ffa2e32 -> 
  custom:video-decoder-ogg-theora: a1e56fd34408186e4bbccfd4996cb3dc -> 
  custom:container-muxer-webm: aa71ff27fc2769a1b78a27578f13a17b -> 
  custom:container-demuxer-webm: 4f35f7cbe854078d1ac9338744f61a02 -> 
  custom:container-demuxer-ogg: 62fdf1f143b41e24485cea50d1cbac27 -> 
  custom:video-encoder-webm-vp8: eb34c28f22e8b96e1ab97ce403110664 -> 
  custom:video-decoder-webm-vp8: 9c59270c3fd7afecdb556c50c9e8de78 -> 
  custom:audio-decoder-ogg-vorbis: bf7c407c2cedff20999df2af8eb42d56 -> 
  custom:audio-encoder-webm-vorbis: bf7c407c2cedff20999df2af8eb42d56 -> 
